2022-02-16 17:41:11.609 [main] TRACE main.java.logging.LoggingExample - Trace Message!
2022-02-16 17:41:11.610 [main] DEBUG main.java.logging.LoggingExample - Debug Message!
2022-02-16 17:41:11.610 [main] INFO  main.java.logging.LoggingExample - Info Message!
2022-02-16 17:41:11.611 [main] WARN  main.java.logging.LoggingExample - Warn Message!
2022-02-16 17:41:11.611 [main] ERROR main.java.logging.LoggingExample - Error Message!
2022-02-16 17:50:38.464 [main] TRACE main.java.logging.LoggingExample - Trace Message!
2022-02-16 17:50:38.466 [main] DEBUG main.java.logging.LoggingExample - Debug Message!
2022-02-16 17:50:38.466 [main] INFO  main.java.logging.LoggingExample - Info Message!
2022-02-16 17:50:38.466 [main] WARN  main.java.logging.LoggingExample - Warn Message!
2022-02-16 17:50:38.466 [main] ERROR main.java.logging.LoggingExample - Error Message!
2022-02-17 10:36:26.518 [main] TRACE main.java.logging.LoggingExample - Trace Message!
2022-02-17 10:36:26.521 [main] DEBUG main.java.logging.LoggingExample - Debug Message!
2022-02-17 10:36:26.521 [main] INFO  main.java.logging.LoggingExample - Info Message!
2022-02-17 10:36:26.521 [main] WARN  main.java.logging.LoggingExample - Warn Message!
2022-02-17 10:36:26.521 [main] ERROR main.java.logging.LoggingExample - Error Message!
2022-02-17 10:37:53.670 [main] INFO  main.java.logging.LoggingExample - Info Message!
2022-02-17 10:37:53.674 [main] WARN  main.java.logging.LoggingExample - Warn Message!
2022-02-17 10:37:53.674 [main] ERROR main.java.logging.LoggingExample - Error Message!
2022-02-17 10:38:32.435 [main] ERROR main.java.logging.LoggingExample - Error Message!
2022-03-08 15:28:41.726 [main] ERROR logging.LoggingExample - Error Message!
